NSE/ROMAN
NSE/SUNCLAYTON
NSE/KALECONSUL
NSE/NEOCURE
NSE/IVRCLAH
NSE/MORARJETEX
NSE/SURAJDIAMN
NSE/VIKASHMET
NSE/NORTHGATE
NSE/APIL
NSE/AVENTIS
NSE/NUMERICPW
NSE/HOPFL
NSE/CORAL_HUB
NSE/CAMBRIDGE
NSE/BATLIBOI
NSE/INEABS
NSE/CHEMPLAST
NSE/RESURGERE
NSE/BELLCERATL
NSE/FTCPOF5YDV
NSE/DEWANHOUS
NSE/PATNI
NSE/CINEMAX
NSE/EONELECT
NSE/PEPL
NSE/FTCPOF5YGR
NSE/ORIENTCERA
NSE/ALFALAVAL
NSE/CRONIMET
NSE/TEXMACOLTD
NSE/UTISUNDER
NSE/GRABALALK
NSE/CAROLINFO
NSE/NUCHEM
NSE/UTVSOF
NSE/NANDAN
NSE/PROVOGUE
NSE/AGRE
NSE/VISHALRET
NSE/CAMLIN
NSE/MUNDRAPORT
NSE/FTCSF5YDIV
NSE/FTCSF5YGRO
NSE/TELEMARINE
NSE/MLL
NSE/HGSL
NSE/CPIL
NSE/ACKRUTI
NSE/SEZALGLASS
NSE/SENTINEL
